DEB [20180531-16:36:19.220] thr=1   paramiko.transport: starting thread (client mode): 0xbd47130L
DEB [20180531-16:36:19.220] thr=1   paramiko.transport: Local version/idstring: SSH-2.0-paramiko_2.4.1
DEB [20180531-16:36:19.236] thr=1   paramiko.transport: Remote version/idstring: SSH-2.0-OpenSSH_6.6.1
INF [20180531-16:36:19.236] thr=1   paramiko.transport: Connected (version 2.0, client OpenSSH_6.6.1)
DEB [20180531-16:36:19.240] thr=1   paramiko.transport: kex algos:[u'curve25519-sha256@libssh.org', u'ecdh-sha2-nistp256', u'ecdh-sha2-nistp384', u'ecdh-sha2-nistp521', u'diffie-hellman-group-exchange-sha256', u'diffie-hellman-group-exchange-sha1', u'diffie-hellman-group14-sha1', u'diffie-hellman-group1-sha1'] server key:[u'ssh-rsa', u'ssh-dss', u'ecdsa-sha2-nistp256', u'ssh-ed25519'] client encrypt:[u'aes128-ctr', u'aes192-ctr', u'aes256-ctr', u'arcfour256', u'arcfour128', u'aes128-gcm@openssh.com', u'aes256-gcm@openssh.com', u'chacha20-poly1305@openssh.com', u'aes128-cbc', u'3des-cbc', u'blowfish-cbc', u'cast128-cbc', u'aes192-cbc', u'aes256-cbc', u'arcfour', u'rijndael-cbc@lysator.liu.se'] server encrypt:[u'aes128-ctr', u'aes192-ctr', u'aes256-ctr', u'arcfour256', u'arcfour128', u'aes128-gcm@openssh.com', u'aes256-gcm@openssh.com', u'chacha20-poly1305@openssh.com', u'aes128-cbc', u'3des-cbc', u'blowfish-cbc', u'cast128-cbc', u'aes192-cbc', u'aes256-cbc', u'arcfour', u'rijndael-cbc@lysator.liu.se'] client mac:[u'hmac-md5-etm@openssh.com', u'hmac-sha1-etm@openssh.com', u'umac-64-etm@openssh.com', u'umac-128-etm@openssh.com', u'hmac-sha2-256-etm@openssh.com', u'hmac-sha2-512-etm@openssh.com', u'hmac-ripemd160-etm@openssh.com', u'hmac-sha1-96-etm@openssh.com', u'hmac-md5-96-etm@openssh.com', u'hmac-md5', u'hmac-sha1', u'umac-64@openssh.com', u'umac-128@openssh.com', u'hmac-sha2-256', u'hmac-sha2-512', u'hmac-ripemd160', u'hmac-ripemd160@openssh.com', u'hmac-sha1-96', u'hmac-md5-96'] server mac:[u'hmac-md5-etm@openssh.com', u'hmac-sha1-etm@openssh.com', u'umac-64-etm@openssh.com', u'umac-128-etm@openssh.com', u'hmac-sha2-256-etm@openssh.com', u'hmac-sha2-512-etm@openssh.com', u'hmac-ripemd160-etm@openssh.com', u'hmac-sha1-96-etm@openssh.com', u'hmac-md5-96-etm@openssh.com', u'hmac-md5', u'hmac-sha1', u'umac-64@openssh.com', u'umac-128@openssh.com', u'hmac-sha2-256', u'hmac-sha2-512', u'hmac-ripemd160', u'hmac-ripemd160@openssh.com', u'hmac-sha1-96', u'hmac-md5-96'] client compress:[u'none', u'zlib@openssh.com'] server compress:[u'none', u'zlib@openssh.com'] client lang:[u''] server lang:[u''] kex follows?False
DEB [20180531-16:36:19.240] thr=1   paramiko.transport: Kex agreed: ecdh-sha2-nistp256
DEB [20180531-16:36:19.240] thr=1   paramiko.transport: HostKey agreed: ssh-ed25519
DEB [20180531-16:36:19.240] thr=1   paramiko.transport: Cipher agreed: blowfish-cbc
DEB [20180531-16:36:19.242] thr=1   paramiko.transport: MAC agreed: hmac-sha2-256
DEB [20180531-16:36:19.242] thr=1   paramiko.transport: Compression agreed: zlib@openssh.com
DEB [20180531-16:36:19.315] thr=1   paramiko.transport: kex engine KexNistp256 specified hash_algo <built-in function openssl_sha256>
DEB [20180531-16:36:19.315] thr=1   paramiko.transport: Switch to new keys ...
DEB [20180531-16:36:19.319] thr=2   paramiko.transport: Adding ssh-ed25519 host key for 192.168.10.26: b17b348e781a1f1eb732b23aac539b70
DEB [20180531-16:36:19.362] thr=1   paramiko.transport: userauth is OK
DEB [20180531-16:36:19.368] thr=1   paramiko.transport: Authentication type (password) not permitted.
DEB [20180531-16:36:19.368] thr=1   paramiko.transport: Allowed methods: [u'publickey', u'keyboard-interactive']
DEB [20180531-16:36:19.395] thr=1   paramiko.transport: userauth is OK
INF [20180531-16:36:21.186] thr=1   paramiko.transport: Authentication (keyboard-interactive) failed.
DEB [20180531-16:36:35.923] thr=3   paramiko.transport: starting thread (client mode): 0xc055030L
DEB [20180531-16:36:35.924] thr=3   paramiko.transport: Local version/idstring: SSH-2.0-paramiko_2.4.1
DEB [20180531-16:36:35.930] thr=3   paramiko.transport: Remote version/idstring: SSH-2.0-OpenSSH_6.6.1
INF [20180531-16:36:35.930] thr=3   paramiko.transport: Connected (version 2.0, client OpenSSH_6.6.1)
DEB [20180531-16:36:35.934] thr=3   paramiko.transport: kex algos:[u'curve25519-sha256@libssh.org', u'ecdh-sha2-nistp256', u'ecdh-sha2-nistp384', u'ecdh-sha2-nistp521', u'diffie-hellman-group-exchange-sha256', u'diffie-hellman-group-exchange-sha1', u'diffie-hellman-group14-sha1', u'diffie-hellman-group1-sha1'] server key:[u'ssh-rsa', u'ssh-dss', u'ecdsa-sha2-nistp256', u'ssh-ed25519'] client encrypt:[u'aes128-ctr', u'aes192-ctr', u'aes256-ctr', u'arcfour256', u'arcfour128', u'aes128-gcm@openssh.com', u'aes256-gcm@openssh.com', u'chacha20-poly1305@openssh.com', u'aes128-cbc', u'3des-cbc', u'blowfish-cbc', u'cast128-cbc', u'aes192-cbc', u'aes256-cbc', u'arcfour', u'rijndael-cbc@lysator.liu.se'] server encrypt:[u'aes128-ctr', u'aes192-ctr', u'aes256-ctr', u'arcfour256', u'arcfour128', u'aes128-gcm@openssh.com', u'aes256-gcm@openssh.com', u'chacha20-poly1305@openssh.com', u'aes128-cbc', u'3des-cbc', u'blowfish-cbc', u'cast128-cbc', u'aes192-cbc', u'aes256-cbc', u'arcfour', u'rijndael-cbc@lysator.liu.se'] client mac:[u'hmac-md5-etm@openssh.com', u'hmac-sha1-etm@openssh.com', u'umac-64-etm@openssh.com', u'umac-128-etm@openssh.com', u'hmac-sha2-256-etm@openssh.com', u'hmac-sha2-512-etm@openssh.com', u'hmac-ripemd160-etm@openssh.com', u'hmac-sha1-96-etm@openssh.com', u'hmac-md5-96-etm@openssh.com', u'hmac-md5', u'hmac-sha1', u'umac-64@openssh.com', u'umac-128@openssh.com', u'hmac-sha2-256', u'hmac-sha2-512', u'hmac-ripemd160', u'hmac-ripemd160@openssh.com', u'hmac-sha1-96', u'hmac-md5-96'] server mac:[u'hmac-md5-etm@openssh.com', u'hmac-sha1-etm@openssh.com', u'umac-64-etm@openssh.com', u'umac-128-etm@openssh.com', u'hmac-sha2-256-etm@openssh.com', u'hmac-sha2-512-etm@openssh.com', u'hmac-ripemd160-etm@openssh.com', u'hmac-sha1-96-etm@openssh.com', u'hmac-md5-96-etm@openssh.com', u'hmac-md5', u'hmac-sha1', u'umac-64@openssh.com', u'umac-128@openssh.com', u'hmac-sha2-256', u'hmac-sha2-512', u'hmac-ripemd160', u'hmac-ripemd160@openssh.com', u'hmac-sha1-96', u'hmac-md5-96'] client compress:[u'none', u'zlib@openssh.com'] server compress:[u'none', u'zlib@openssh.com'] client lang:[u''] server lang:[u''] kex follows?False
DEB [20180531-16:36:35.934] thr=3   paramiko.transport: Kex agreed: ecdh-sha2-nistp256
DEB [20180531-16:36:35.934] thr=3   paramiko.transport: HostKey agreed: ssh-ed25519
DEB [20180531-16:36:35.934] thr=3   paramiko.transport: Cipher agreed: blowfish-cbc
DEB [20180531-16:36:35.934] thr=3   paramiko.transport: MAC agreed: hmac-sha2-256
DEB [20180531-16:36:35.934] thr=3   paramiko.transport: Compression agreed: zlib@openssh.com
DEB [20180531-16:36:35.980] thr=3   paramiko.transport: kex engine KexNistp256 specified hash_algo <built-in function openssl_sha256>
DEB [20180531-16:36:35.982] thr=3   paramiko.transport: Switch to new keys ...
DEB [20180531-16:36:35.993] thr=4   paramiko.transport: Adding ssh-ed25519 host key for 192.168.10.26: b17b348e781a1f1eb732b23aac539b70
DEB [20180531-16:36:36.030] thr=3   paramiko.transport: userauth is OK
DEB [20180531-16:36:36.038] thr=3   paramiko.transport: Authentication type (password) not permitted.
DEB [20180531-16:36:36.038] thr=3   paramiko.transport: Allowed methods: [u'publickey', u'keyboard-interactive']
DEB [20180531-16:36:36.068] thr=3   paramiko.transport: userauth is OK
INF [20180531-16:36:36.092] thr=3   paramiko.transport: Authentication (keyboard-interactive) successful!
DEB [20180531-16:36:36.094] thr=3   paramiko.transport: Switching on outbound compression ...
DEB [20180531-16:36:36.094] thr=3   paramiko.transport: Switching on inbound compression ...
DEB [20180531-16:36:36.311] thr=4   paramiko.transport: [chan 0] Max packet in: 32768 bytes
DEB [20180531-16:36:36.315] thr=3   paramiko.transport: [chan 0] Max packet out: 32768 bytes
DEB [20180531-16:36:36.315] thr=3   paramiko.transport: Secsh channel 0 opened.
DEB [20180531-16:36:36.321] thr=3   paramiko.transport: [chan 0] Sesch channel 0 request ok
DEB [20180531-16:36:36.325] thr=3   paramiko.transport: [chan 0] Sesch channel 0 request ok
DEB [20180531-16:36:36.388] thr=3   paramiko.transport: [chan 0] EOF received (0)
DEB [20180531-16:36:36.388] thr=4   paramiko.transport: [chan 1] Max packet in: 32768 bytes
DEB [20180531-16:36:36.388] thr=3   paramiko.transport: [chan 0] EOF sent (0)
DEB [20180531-16:36:36.392] thr=3   paramiko.transport: [chan 1] Max packet out: 32768 bytes
DEB [20180531-16:36:36.392] thr=3   paramiko.transport: Secsh channel 1 opened.
DEB [20180531-16:36:36.443] thr=3   paramiko.transport: [chan 1] Sesch channel 1 request ok
DEB [20180531-16:36:36.447] thr=3   paramiko.transport: [chan 1] Sesch channel 1 request ok
DEB [20180531-16:36:36.487] thr=3   paramiko.transport: [chan 1] EOF received (1)
DEB [20180531-16:36:36.487] thr=3   paramiko.transport: [chan 1] EOF sent (1)
DEB [20180531-16:36:36.605] thr=4   paramiko.transport: [chan 2] Max packet in: 32768 bytes
DEB [20180531-16:36:36.609] thr=3   paramiko.transport: [chan 2] Max packet out: 32768 bytes
DEB [20180531-16:36:36.609] thr=3   paramiko.transport: Secsh channel 2 opened.
DEB [20180531-16:36:36.615] thr=3   paramiko.transport: [chan 2] Sesch channel 2 request ok
INF [20180531-16:36:36.660] thr=4   paramiko.transport.sftp: [chan 2] Opened sftp connection (server version 3)
DEB [20180531-16:36:36.664] thr=4   paramiko.transport.sftp: [chan 2] open('/root/.ssh/id_rsa.pub.ope', 'wb')
DEB [20180531-16:36:36.673] thr=4   paramiko.transport.sftp: [chan 2] open('/root/.ssh/id_rsa.pub.ope', 'wb') -> 00000000
DEB [20180531-16:36:36.674] thr=4   paramiko.transport.sftp: [chan 2] close(00000000)
DEB [20180531-16:36:36.680] thr=4   paramiko.transport.sftp: [chan 2] stat('/root/.ssh/id_rsa.pub.ope')
INF [20180531-16:36:36.686] thr=4   paramiko.transport.sftp: [chan 2] sftp session closed.
DEB [20180531-16:36:36.686] thr=4   paramiko.transport: [chan 2] EOF sent (2)
DEB [20180531-16:36:36.687] thr=4   paramiko.transport: [chan 3] Max packet in: 32768 bytes
DEB [20180531-16:36:36.693] thr=3   paramiko.transport: [chan 2] EOF received (2)
DEB [20180531-16:36:36.694] thr=3   paramiko.transport: [chan 3] Max packet out: 32768 bytes
DEB [20180531-16:36:36.694] thr=3   paramiko.transport: Secsh channel 3 opened.
DEB [20180531-16:36:36.701] thr=3   paramiko.transport: [chan 3] Sesch channel 3 request ok
DEB [20180531-16:36:36.706] thr=3   paramiko.transport: [chan 3] Sesch channel 3 request ok
DEB [20180531-16:36:36.770] thr=3   paramiko.transport: [chan 3] EOF received (3)
DEB [20180531-16:36:36.772] thr=4   paramiko.transport: [chan 4] Max packet in: 32768 bytes
DEB [20180531-16:36:36.772] thr=3   paramiko.transport: [chan 3] EOF sent (3)
DEB [20180531-16:36:36.778] thr=3   paramiko.transport: [chan 4] Max packet out: 32768 bytes
DEB [20180531-16:36:36.778] thr=3   paramiko.transport: Secsh channel 4 opened.
DEB [20180531-16:36:36.825] thr=3   paramiko.transport: [chan 4] Sesch channel 4 request ok
DEB [20180531-16:36:36.838] thr=3   paramiko.transport: [chan 4] Sesch channel 4 request ok
DEB [20180531-16:36:36.901] thr=3   paramiko.transport: [chan 4] EOF received (4)
DEB [20180531-16:36:36.904] thr=4   paramiko.transport: [chan 5] Max packet in: 32768 bytes
DEB [20180531-16:36:36.905] thr=3   paramiko.transport: [chan 4] EOF sent (4)
DEB [20180531-16:36:36.917] thr=3   paramiko.transport: [chan 5] Max packet out: 32768 bytes
DEB [20180531-16:36:36.918] thr=3   paramiko.transport: Secsh channel 5 opened.
DEB [20180531-16:36:36.964] thr=3   paramiko.transport: [chan 5] Sesch channel 5 request ok
DEB [20180531-16:36:36.969] thr=3   paramiko.transport: [chan 5] Sesch channel 5 request ok
DEB [20180531-16:36:37.019] thr=3   paramiko.transport: [chan 5] EOF received (5)
DEB [20180531-16:36:37.019] thr=3   paramiko.transport: [chan 5] EOF sent (5)
DEB [20180531-16:36:37.026] thr=4   paramiko.transport: [chan 6] Max packet in: 32768 bytes
DEB [20180531-16:36:37.065] thr=3   paramiko.transport: [chan 6] Max packet out: 32768 bytes
DEB [20180531-16:36:37.065] thr=3   paramiko.transport: Secsh channel 6 opened.
DEB [20180531-16:36:37.101] thr=3   paramiko.transport: [chan 6] Sesch channel 6 request ok
DEB [20180531-16:36:37.105] thr=3   paramiko.transport: [chan 6] Sesch channel 6 request ok
DEB [20180531-16:36:37.164] thr=3   paramiko.transport: [chan 6] EOF received (6)
DEB [20180531-16:36:37.164] thr=3   paramiko.transport: [chan 6] EOF sent (6)
DEB [20180531-16:36:37.165] thr=4   paramiko.transport: [chan 7] Max packet in: 32768 bytes
DEB [20180531-16:36:37.213] thr=3   paramiko.transport: [chan 7] Max packet out: 32768 bytes
DEB [20180531-16:36:37.213] thr=3   paramiko.transport: Secsh channel 7 opened.
DEB [20180531-16:36:37.240] thr=3   paramiko.transport: [chan 7] Sesch channel 7 request ok
DEB [20180531-16:36:37.244] thr=3   paramiko.transport: [chan 7] Sesch channel 7 request ok
DEB [20180531-16:36:37.301] thr=3   paramiko.transport: [chan 7] EOF received (7)
DEB [20180531-16:36:37.301] thr=3   paramiko.transport: [chan 7] EOF sent (7)
DEB [20180531-16:36:38.055] thr=4   paramiko.transport: [chan 8] Max packet in: 32768 bytes
DEB [20180531-16:36:38.061] thr=3   paramiko.transport: [chan 8] Max packet out: 32768 bytes
DEB [20180531-16:36:38.061] thr=3   paramiko.transport: Secsh channel 8 opened.
DEB [20180531-16:36:38.066] thr=3   paramiko.transport: [chan 8] Sesch channel 8 request ok
DEB [20180531-16:36:38.078] thr=3   paramiko.transport: [chan 8] Sesch channel 8 request ok
DEB [20180531-16:36:38.118] thr=3   paramiko.transport: [chan 8] EOF received (8)
DEB [20180531-16:36:38.118] thr=3   paramiko.transport: [chan 8] EOF sent (8)
DEB [20180531-16:36:38.645] thr=4   paramiko.transport: [chan 9] Max packet in: 32768 bytes
DEB [20180531-16:36:38.651] thr=3   paramiko.transport: [chan 9] Max packet out: 32768 bytes
DEB [20180531-16:36:38.651] thr=3   paramiko.transport: Secsh channel 9 opened.
DEB [20180531-16:36:38.655] thr=3   paramiko.transport: [chan 9] Sesch channel 9 request ok
DEB [20180531-16:36:38.661] thr=3   paramiko.transport: [chan 9] Sesch channel 9 request ok
DEB [20180531-16:36:38.713] thr=3   paramiko.transport: [chan 9] EOF received (9)
DEB [20180531-16:36:38.713] thr=3   paramiko.transport: [chan 9] EOF sent (9)
DEB [20180531-16:36:39.299] thr=4   paramiko.transport: [chan 10] Max packet in: 32768 bytes
DEB [20180531-16:36:39.303] thr=3   paramiko.transport: [chan 10] Max packet out: 32768 bytes
DEB [20180531-16:36:39.305] thr=3   paramiko.transport: Secsh channel 10 opened.
DEB [20180531-16:36:39.309] thr=3   paramiko.transport: [chan 10] Sesch channel 10 request ok
DEB [20180531-16:36:39.316] thr=3   paramiko.transport: [chan 10] Sesch channel 10 request ok
DEB [20180531-16:36:39.369] thr=3   paramiko.transport: [chan 10] EOF received (10)
DEB [20180531-16:36:39.369] thr=3   paramiko.transport: [chan 10] EOF sent (10)
DEB [20180531-16:36:39.904] thr=4   paramiko.transport: [chan 11] Max packet in: 32768 bytes
DEB [20180531-16:36:39.908] thr=3   paramiko.transport: [chan 11] Max packet out: 32768 bytes
DEB [20180531-16:36:39.908] thr=3   paramiko.transport: Secsh channel 11 opened.
DEB [20180531-16:36:39.917] thr=3   paramiko.transport: [chan 11] Sesch channel 11 request ok
DEB [20180531-16:36:39.926] thr=3   paramiko.transport: [chan 11] Sesch channel 11 request ok
DEB [20180531-16:36:40.882] thr=3   paramiko.transport: [chan 11] EOF received (11)
DEB [20180531-16:36:40.882] thr=4   paramiko.transport: [chan 12] Max packet in: 32768 bytes
DEB [20180531-16:36:40.884] thr=3   paramiko.transport: [chan 11] EOF sent (11)
DEB [20180531-16:36:40.888] thr=3   paramiko.transport: [chan 12] Max packet out: 32768 bytes
DEB [20180531-16:36:40.888] thr=3   paramiko.transport: Secsh channel 12 opened.
DEB [20180531-16:36:40.933] thr=3   paramiko.transport: [chan 12] Sesch channel 12 request ok
DEB [20180531-16:36:40.937] thr=3   paramiko.transport: [chan 12] Sesch channel 12 request ok
DEB [20180531-16:36:40.993] thr=3   paramiko.transport: [chan 12] EOF received (12)
DEB [20180531-16:36:40.994] thr=4   paramiko.transport: [chan 13] Max packet in: 32768 bytes
DEB [20180531-16:36:40.994] thr=3   paramiko.transport: [chan 12] EOF sent (12)
DEB [20180531-16:36:40.999] thr=3   paramiko.transport: [chan 13] Max packet out: 32768 bytes
DEB [20180531-16:36:41.000] thr=3   paramiko.transport: Secsh channel 13 opened.
DEB [20180531-16:36:41.046] thr=3   paramiko.transport: [chan 13] Sesch channel 13 request ok
DEB [20180531-16:36:41.051] thr=3   paramiko.transport: [chan 13] Sesch channel 13 request ok
DEB [20180531-16:36:41.104] thr=3   paramiko.transport: [chan 13] EOF received (13)
DEB [20180531-16:36:41.105] thr=4   paramiko.transport: [chan 14] Max packet in: 32768 bytes
DEB [20180531-16:36:41.105] thr=3   paramiko.transport: [chan 13] EOF sent (13)
DEB [20180531-16:36:41.109] thr=3   paramiko.transport: [chan 14] Max packet out: 32768 bytes
DEB [20180531-16:36:41.109] thr=3   paramiko.transport: Secsh channel 14 opened.
DEB [20180531-16:36:41.157] thr=3   paramiko.transport: [chan 14] Sesch channel 14 request ok
DEB [20180531-16:36:41.161] thr=3   paramiko.transport: [chan 14] Sesch channel 14 request ok
DEB [20180531-16:36:41.263] thr=3   paramiko.transport: [chan 14] EOF received (14)
DEB [20180531-16:36:41.263] thr=3   paramiko.transport: [chan 14] EOF sent (14)
DEB [20180531-16:36:41.265] thr=4   paramiko.transport: [chan 15] Max packet in: 32768 bytes
DEB [20180531-16:36:41.308] thr=3   paramiko.transport: [chan 15] Max packet out: 32768 bytes
DEB [20180531-16:36:41.309] thr=3   paramiko.transport: Secsh channel 15 opened.
DEB [20180531-16:36:41.338] thr=3   paramiko.transport: [chan 15] Sesch channel 15 request ok
DEB [20180531-16:36:41.342] thr=3   paramiko.transport: [chan 15] Sesch channel 15 request ok
DEB [20180531-16:36:41.394] thr=3   paramiko.transport: [chan 15] EOF received (15)
DEB [20180531-16:36:41.395] thr=4   paramiko.transport: [chan 16] Max packet in: 32768 bytes
DEB [20180531-16:36:41.395] thr=3   paramiko.transport: [chan 15] EOF sent (15)
DEB [20180531-16:36:41.401] thr=3   paramiko.transport: [chan 16] Max packet out: 32768 bytes
DEB [20180531-16:36:41.401] thr=3   paramiko.transport: Secsh channel 16 opened.
DEB [20180531-16:36:41.447] thr=3   paramiko.transport: [chan 16] Sesch channel 16 request ok
DEB [20180531-16:36:41.453] thr=3   paramiko.transport: [chan 16] Sesch channel 16 request ok
DEB [20180531-16:36:41.513] thr=3   paramiko.transport: [chan 16] EOF received (16)
DEB [20180531-16:36:41.516] thr=4   paramiko.transport: [chan 17] Max packet in: 32768 bytes
DEB [20180531-16:36:41.526] thr=3   paramiko.transport: [chan 16] EOF sent (16)
DEB [20180531-16:36:41.535] thr=3   paramiko.transport: [chan 17] Max packet out: 32768 bytes
DEB [20180531-16:36:41.536] thr=3   paramiko.transport: Secsh channel 17 opened.
DEB [20180531-16:36:41.575] thr=3   paramiko.transport: [chan 17] Sesch channel 17 request ok
DEB [20180531-16:36:41.581] thr=3   paramiko.transport: [chan 17] Sesch channel 17 request ok
DEB [20180531-16:36:41.625] thr=3   paramiko.transport: [chan 17] EOF received (17)
DEB [20180531-16:36:41.625] thr=4   paramiko.transport: [chan 18] Max packet in: 32768 bytes
DEB [20180531-16:36:41.625] thr=3   paramiko.transport: [chan 17] EOF sent (17)
DEB [20180531-16:36:41.630] thr=3   paramiko.transport: [chan 18] Max packet out: 32768 bytes
DEB [20180531-16:36:41.630] thr=3   paramiko.transport: Secsh channel 18 opened.
DEB [20180531-16:36:41.677] thr=3   paramiko.transport: [chan 18] Sesch channel 18 request ok
DEB [20180531-16:36:41.680] thr=3   paramiko.transport: [chan 18] Sesch channel 18 request ok
DEB [20180531-16:36:41.730] thr=3   paramiko.transport: [chan 18] EOF received (18)
DEB [20180531-16:36:41.730] thr=4   paramiko.transport: [chan 19] Max packet in: 32768 bytes
DEB [20180531-16:36:41.732] thr=3   paramiko.transport: [chan 18] EOF sent (18)
DEB [20180531-16:36:41.736] thr=3   paramiko.transport: [chan 19] Max packet out: 32768 bytes
DEB [20180531-16:36:41.736] thr=3   paramiko.transport: Secsh channel 19 opened.
DEB [20180531-16:36:41.782] thr=3   paramiko.transport: [chan 19] Sesch channel 19 request ok
DEB [20180531-16:36:41.786] thr=3   paramiko.transport: [chan 19] Sesch channel 19 request ok
DEB [20180531-16:36:41.838] thr=3   paramiko.transport: [chan 19] EOF received (19)
DEB [20180531-16:36:41.839] thr=4   paramiko.transport: [chan 20] Max packet in: 32768 bytes
DEB [20180531-16:36:41.839] thr=3   paramiko.transport: [chan 19] EOF sent (19)
DEB [20180531-16:36:41.844] thr=3   paramiko.transport: [chan 20] Max packet out: 32768 bytes
DEB [20180531-16:36:41.844] thr=3   paramiko.transport: Secsh channel 20 opened.
DEB [20180531-16:36:41.888] thr=3   paramiko.transport: [chan 20] Sesch channel 20 request ok
DEB [20180531-16:36:41.892] thr=3   paramiko.transport: [chan 20] Sesch channel 20 request ok
DEB [20180531-16:36:41.946] thr=3   paramiko.transport: [chan 20] EOF received (20)
DEB [20180531-16:36:41.947] thr=4   paramiko.transport: [chan 21] Max packet in: 32768 bytes
DEB [20180531-16:36:41.947] thr=3   paramiko.transport: [chan 20] EOF sent (20)
DEB [20180531-16:36:41.951] thr=3   paramiko.transport: [chan 21] Max packet out: 32768 bytes
DEB [20180531-16:36:41.951] thr=3   paramiko.transport: Secsh channel 21 opened.
DEB [20180531-16:36:41.996] thr=3   paramiko.transport: [chan 21] Sesch channel 21 request ok
DEB [20180531-16:36:42.002] thr=3   paramiko.transport: [chan 21] Sesch channel 21 request ok
DEB [20180531-16:36:42.052] thr=3   paramiko.transport: [chan 21] EOF received (21)
DEB [20180531-16:36:42.052] thr=4   paramiko.transport: [chan 22] Max packet in: 32768 bytes
DEB [20180531-16:36:42.052] thr=3   paramiko.transport: [chan 21] EOF sent (21)
DEB [20180531-16:36:42.058] thr=3   paramiko.transport: [chan 22] Max packet out: 32768 bytes
DEB [20180531-16:36:42.058] thr=3   paramiko.transport: Secsh channel 22 opened.
DEB [20180531-16:36:42.101] thr=3   paramiko.transport: [chan 22] Sesch channel 22 request ok
DEB [20180531-16:36:42.107] thr=3   paramiko.transport: [chan 22] Sesch channel 22 request ok
DEB [20180531-16:36:42.153] thr=3   paramiko.transport: [chan 22] EOF received (22)
DEB [20180531-16:36:42.154] thr=4   paramiko.transport: [chan 23] Max packet in: 32768 bytes
DEB [20180531-16:36:42.154] thr=3   paramiko.transport: [chan 22] EOF sent (22)
DEB [20180531-16:36:42.157] thr=3   paramiko.transport: [chan 23] Max packet out: 32768 bytes
DEB [20180531-16:36:42.157] thr=3   paramiko.transport: Secsh channel 23 opened.
DEB [20180531-16:36:42.249] thr=3   paramiko.transport: [chan 23] Sesch channel 23 request ok
DEB [20180531-16:36:42.256] thr=3   paramiko.transport: [chan 23] Sesch channel 23 request ok
DEB [20180531-16:36:42.306] thr=3   paramiko.transport: [chan 23] EOF received (23)
DEB [20180531-16:36:42.308] thr=4   paramiko.transport: [chan 24] Max packet in: 32768 bytes
DEB [20180531-16:36:42.309] thr=3   paramiko.transport: [chan 23] EOF sent (23)
DEB [20180531-16:36:42.312] thr=3   paramiko.transport: [chan 24] Max packet out: 32768 bytes
DEB [20180531-16:36:42.312] thr=3   paramiko.transport: Secsh channel 24 opened.
DEB [20180531-16:36:42.357] thr=3   paramiko.transport: [chan 24] Sesch channel 24 request ok
DEB [20180531-16:36:42.361] thr=3   paramiko.transport: [chan 24] Sesch channel 24 request ok
DEB [20180531-16:36:42.411] thr=3   paramiko.transport: [chan 24] EOF received (24)
DEB [20180531-16:36:42.411] thr=3   paramiko.transport: [chan 24] EOF sent (24)
DEB [20180531-16:36:42.411] thr=4   paramiko.transport: [chan 25] Max packet in: 32768 bytes
DEB [20180531-16:36:42.457] thr=3   paramiko.transport: [chan 25] Max packet out: 32768 bytes
DEB [20180531-16:36:42.457] thr=3   paramiko.transport: Secsh channel 25 opened.
DEB [20180531-16:36:42.486] thr=3   paramiko.transport: [chan 25] Sesch channel 25 request ok
DEB [20180531-16:36:42.490] thr=3   paramiko.transport: [chan 25] Sesch channel 25 request ok
DEB [20180531-16:36:42.539] thr=3   paramiko.transport: [chan 25] EOF received (25)
DEB [20180531-16:36:42.539] thr=4   paramiko.transport: [chan 26] Max packet in: 32768 bytes
DEB [20180531-16:36:42.539] thr=3   paramiko.transport: [chan 25] EOF sent (25)
DEB [20180531-16:36:42.543] thr=3   paramiko.transport: [chan 26] Max packet out: 32768 bytes
DEB [20180531-16:36:42.543] thr=3   paramiko.transport: Secsh channel 26 opened.
DEB [20180531-16:36:42.591] thr=3   paramiko.transport: [chan 26] Sesch channel 26 request ok
INF [20180531-16:36:42.634] thr=4   paramiko.transport.sftp: [chan 26] Opened sftp connection (server version 3)
DEB [20180531-16:36:42.635] thr=4   paramiko.transport.sftp: [chan 26] stat('/ope/volumes/app_images/ope-gateway.digest')
DEB [20180531-16:36:42.641] thr=4   paramiko.transport.sftp: [chan 26] open('/ope/volumes/app_images/ope-gateway.digest', 'rb')
DEB [20180531-16:36:42.644] thr=4   paramiko.transport.sftp: [chan 26] open('/ope/volumes/app_images/ope-gateway.digest', 'rb') -> 00000000
DEB [20180531-16:36:42.657] thr=4   paramiko.transport.sftp: [chan 26] close(00000000)
DEB [20180531-16:36:42.673] thr=4   paramiko.transport.sftp: [chan 26] stat('/ope/volumes/app_images/ope-router.digest')
DEB [20180531-16:36:42.678] thr=4   paramiko.transport.sftp: [chan 26] open('/ope/volumes/app_images/ope-router.digest', 'rb')
DEB [20180531-16:36:42.684] thr=4   paramiko.transport.sftp: [chan 26] open('/ope/volumes/app_images/ope-router.digest', 'rb') -> 00000000
DEB [20180531-16:36:42.701] thr=4   paramiko.transport.sftp: [chan 26] close(00000000)
DEB [20180531-16:36:42.717] thr=4   paramiko.transport.sftp: [chan 26] stat('/ope/volumes/app_images/ope-dns.digest')
DEB [20180531-16:36:42.724] thr=4   paramiko.transport.sftp: [chan 26] open('/ope/volumes/app_images/ope-dns.digest', 'rb')
DEB [20180531-16:36:42.732] thr=4   paramiko.transport.sftp: [chan 26] open('/ope/volumes/app_images/ope-dns.digest', 'rb') -> 00000000
DEB [20180531-16:36:42.749] thr=4   paramiko.transport.sftp: [chan 26] close(00000000)
DEB [20180531-16:36:42.765] thr=4   paramiko.transport.sftp: [chan 26] stat('/ope/volumes/app_images/ope-clamav.digest')
DEB [20180531-16:36:42.775] thr=4   paramiko.transport.sftp: [chan 26] open('/ope/volumes/app_images/ope-clamav.digest', 'rb')
DEB [20180531-16:36:42.780] thr=4   paramiko.transport.sftp: [chan 26] open('/ope/volumes/app_images/ope-clamav.digest', 'rb') -> 00000000
DEB [20180531-16:36:42.799] thr=4   paramiko.transport.sftp: [chan 26] close(00000000)
DEB [20180531-16:36:42.819] thr=4   paramiko.transport.sftp: [chan 26] stat('/ope/volumes/app_images/ope-redis.digest')
DEB [20180531-16:36:42.823] thr=4   paramiko.transport.sftp: [chan 26] open('/ope/volumes/app_images/ope-redis.digest', 'rb')
DEB [20180531-16:36:42.828] thr=4   paramiko.transport.sftp: [chan 26] open('/ope/volumes/app_images/ope-redis.digest', 'rb') -> 00000000
DEB [20180531-16:36:42.845] thr=4   paramiko.transport.sftp: [chan 26] close(00000000)
DEB [20180531-16:36:42.862] thr=4   paramiko.transport.sftp: [chan 26] stat('/ope/volumes/app_images/ope-postgresql.digest')
DEB [20180531-16:36:42.868] thr=4   paramiko.transport.sftp: [chan 26] open('/ope/volumes/app_images/ope-postgresql.digest', 'rb')
DEB [20180531-16:36:42.875] thr=4   paramiko.transport.sftp: [chan 26] open('/ope/volumes/app_images/ope-postgresql.digest', 'rb') -> 00000000
DEB [20180531-16:36:42.898] thr=4   paramiko.transport.sftp: [chan 26] close(00000000)
DEB [20180531-16:36:42.914] thr=4   paramiko.transport.sftp: [chan 26] stat('/ope/volumes/app_images/ope-fog.digest')
DEB [20180531-16:36:42.920] thr=4   paramiko.transport.sftp: [chan 26] open('/ope/volumes/app_images/ope-fog.digest', 'rb')
DEB [20180531-16:36:42.926] thr=4   paramiko.transport.sftp: [chan 26] open('/ope/volumes/app_images/ope-fog.digest', 'rb') -> 00000000
DEB [20180531-16:36:42.948] thr=4   paramiko.transport.sftp: [chan 26] close(00000000)
DEB [20180531-16:36:42.966] thr=4   paramiko.transport.sftp: [chan 26] stat('/ope/volumes/app_images/ope-canvas.digest')
DEB [20180531-16:36:42.971] thr=4   paramiko.transport.sftp: [chan 26] open('/ope/volumes/app_images/ope-canvas.digest', 'rb')
DEB [20180531-16:36:42.976] thr=4   paramiko.transport.sftp: [chan 26] open('/ope/volumes/app_images/ope-canvas.digest', 'rb') -> 00000000
DEB [20180531-16:36:42.996] thr=4   paramiko.transport.sftp: [chan 26] close(00000000)
DEB [20180531-16:36:43.022] thr=4   paramiko.transport.sftp: [chan 26] stat('/ope/volumes/app_images/ope-smc.digest')
DEB [20180531-16:36:43.028] thr=4   paramiko.transport.sftp: [chan 26] open('/ope/volumes/app_images/ope-smc.digest', 'rb')
DEB [20180531-16:36:43.033] thr=4   paramiko.transport.sftp: [chan 26] open('/ope/volumes/app_images/ope-smc.digest', 'rb') -> 00000000
DEB [20180531-16:36:43.049] thr=4   paramiko.transport.sftp: [chan 26] close(00000000)
INF [20180531-16:36:43.069] thr=4   paramiko.transport.sftp: [chan 26] sftp session closed.
DEB [20180531-16:36:43.071] thr=4   paramiko.transport: [chan 26] EOF sent (26)
DEB [20180531-16:36:43.073] thr=4   paramiko.transport: [chan 27] Max packet in: 32768 bytes
DEB [20180531-16:36:43.076] thr=3   paramiko.transport: [chan 26] EOF received (26)
DEB [20180531-16:36:43.079] thr=3   paramiko.transport: [chan 27] Max packet out: 32768 bytes
DEB [20180531-16:36:43.079] thr=3   paramiko.transport: Secsh channel 27 opened.
DEB [20180531-16:36:43.092] thr=3   paramiko.transport: [chan 27] Sesch channel 27 request ok
DEB [20180531-16:36:43.098] thr=3   paramiko.transport: [chan 27] Sesch channel 27 request ok
DEB [20180531-16:36:43.424] thr=3   paramiko.transport: [chan 27] EOF received (27)
DEB [20180531-16:36:43.426] thr=4   paramiko.transport: [chan 28] Max packet in: 32768 bytes
DEB [20180531-16:36:43.426] thr=3   paramiko.transport: [chan 27] EOF sent (27)
DEB [20180531-16:36:43.430] thr=3   paramiko.transport: [chan 28] Max packet out: 32768 bytes
DEB [20180531-16:36:43.430] thr=3   paramiko.transport: Secsh channel 28 opened.
DEB [20180531-16:36:43.476] thr=3   paramiko.transport: [chan 28] Sesch channel 28 request ok
DEB [20180531-16:36:43.480] thr=3   paramiko.transport: [chan 28] Sesch channel 28 request ok
DEB [20180531-16:36:43.530] thr=3   paramiko.transport: [chan 28] EOF received (28)
DEB [20180531-16:36:43.532] thr=4   paramiko.transport: [chan 29] Max packet in: 32768 bytes
DEB [20180531-16:36:43.535] thr=3   paramiko.transport: [chan 28] EOF sent (28)
DEB [20180531-16:36:43.540] thr=3   paramiko.transport: [chan 29] Max packet out: 32768 bytes
DEB [20180531-16:36:43.542] thr=3   paramiko.transport: Secsh channel 29 opened.
DEB [20180531-16:36:43.586] thr=3   paramiko.transport: [chan 29] Sesch channel 29 request ok
DEB [20180531-16:36:43.592] thr=3   paramiko.transport: [chan 29] Sesch channel 29 request ok
DEB [20180531-16:36:43.632] thr=3   paramiko.transport: [chan 29] EOF received (29)
DEB [20180531-16:36:43.634] thr=4   paramiko.transport: [chan 30] Max packet in: 32768 bytes
DEB [20180531-16:36:43.634] thr=3   paramiko.transport: [chan 29] EOF sent (29)
DEB [20180531-16:36:43.641] thr=3   paramiko.transport: [chan 30] Max packet out: 32768 bytes
DEB [20180531-16:36:43.641] thr=3   paramiko.transport: Secsh channel 30 opened.
DEB [20180531-16:36:43.687] thr=3   paramiko.transport: [chan 30] Sesch channel 30 request ok
DEB [20180531-16:36:43.691] thr=3   paramiko.transport: [chan 30] Sesch channel 30 request ok
DEB [20180531-16:36:43.733] thr=3   paramiko.transport: [chan 30] EOF received (30)
DEB [20180531-16:36:43.734] thr=4   paramiko.transport: [chan 31] Max packet in: 32768 bytes
DEB [20180531-16:36:43.734] thr=3   paramiko.transport: [chan 30] EOF sent (30)
DEB [20180531-16:36:43.740] thr=3   paramiko.transport: [chan 31] Max packet out: 32768 bytes
DEB [20180531-16:36:43.740] thr=3   paramiko.transport: Secsh channel 31 opened.
DEB [20180531-16:36:43.786] thr=3   paramiko.transport: [chan 31] Sesch channel 31 request ok
DEB [20180531-16:36:43.792] thr=3   paramiko.transport: [chan 31] Sesch channel 31 request ok
DEB [20180531-16:36:50.591] thr=3   paramiko.transport: [chan 31] EOF received (31)
DEB [20180531-16:36:50.592] thr=3   paramiko.transport: [chan 31] EOF sent (31)
DEB [20180531-16:36:50.592] thr=3   paramiko.transport: Dropping user packet because connection is dead.
DEB [20180531-16:36:50.592] thr=3   paramiko.transport: Dropping user packet because connection is dead.
DEB [20180531-16:36:56.559] thr=1   paramiko.transport: EOF in transport thread
